<?xml version="1.0" encoding="UTF-8"?>
<testng-results skipped="0" failed="1" ignored="0" total="4" passed="3">
  <reporter-output>
  </reporter-output>
  <suite name="Parallel Execution" duration-ms="71512" started-at="2019-11-20T15:17:18Z" finished-at="2019-11-20T15:18:30Z">
    <groups>
    </groups>
    <test name="Second Test" duration-ms="36669" started-at="2019-11-20T15:17:18Z" finished-at="2019-11-20T15:17:55Z">
      <class name="com.qa.shopping.tests.SignInPageTests">
        <test-method status="PASS" signature="setUpTest(java.lang.String)[pri:0, instance:com.qa.shopping.tests.SignInPageTests@5cb9f472]" name="setUpTest" is-config="true" duration-ms="29867" started-at="2019-11-20T15:17:18Z" finished-at="2019-11-20T15:17:48Z">
          <params>
            <param index="0">
              <value>
                <![CDATA[firefox]]>
              </value>
            </param>
          </params>
          <reporter-output>
          </reporter-output>
        </test-method> <!-- setUpTest -->
        <test-method status="PASS" signature="setUpTest(java.lang.String)[pri:0, instance:com.qa.shopping.tests.SignInPageTests@5cb9f472]" name="setUpTest" is-config="true" duration-ms="29855" started-at="2019-11-20T15:17:18Z" finished-at="2019-11-20T15:17:48Z">
          <params>
            <param index="0">
              <value>
                <![CDATA[firefox]]>
              </value>
            </param>
          </params>
          <reporter-output>
          </reporter-output>
        </test-method> <!-- setUpTest -->
        <test-method status="PASS" signature="verifyUserSignInPageTest()[pri:0, instance:com.qa.shopping.tests.SignInPageTests@5cb9f472]" name="verifyUserSignInPageTest" duration-ms="4328" started-at="2019-11-20T15:17:48Z" finished-at="2019-11-20T15:17:53Z">
          <reporter-output>
          </reporter-output>
        </test-method> <!-- verifyUserSignInPageTest -->
        <test-method status="PASS" signature="verifyForgotPasswordLinkTest()[pri:0, instance:com.qa.shopping.tests.SignInPageTests@5cb9f472]" name="verifyForgotPasswordLinkTest" duration-ms="4684" started-at="2019-11-20T15:17:48Z" finished-at="2019-11-20T15:17:53Z">
          <reporter-output>
          </reporter-output>
        </test-method> <!-- verifyForgotPasswordLinkTest -->
        <test-method status="PASS" signature="tearDownTest()[pri:0, instance:com.qa.shopping.tests.SignInPageTests@5cb9f472]" name="tearDownTest" is-config="true" duration-ms="1281" started-at="2019-11-20T15:17:53Z" finished-at="2019-11-20T15:17:54Z">
          <reporter-output>
          </reporter-output>
        </test-method> <!-- tearDownTest -->
        <test-method status="PASS" signature="tearDownTest()[pri:0, instance:com.qa.shopping.tests.SignInPageTests@5cb9f472]" name="tearDownTest" is-config="true" duration-ms="2064" started-at="2019-11-20T15:17:53Z" finished-at="2019-11-20T15:17:55Z">
          <reporter-output>
          </reporter-output>
        </test-method> <!-- tearDownTest -->
      </class> <!-- com.qa.shopping.tests.SignInPageTests -->
    </test> <!-- Second Test -->
    <test name="First Test" duration-ms="71512" started-at="2019-11-20T15:17:18Z" finished-at="2019-11-20T15:18:30Z">
      <class name="com.qa.shopping.tests.LandingPageTests">
        <test-method status="PASS" signature="setUpTest(java.lang.String)[pri:0, instance:com.qa.shopping.tests.LandingPageTests@146ba0ac]" name="setUpTest" is-config="true" duration-ms="29898" started-at="2019-11-20T15:17:18Z" finished-at="2019-11-20T15:17:48Z">
          <params>
            <param index="0">
              <value>
                <![CDATA[chrome]]>
              </value>
            </param>
          </params>
          <reporter-output>
          </reporter-output>
        </test-method> <!-- setUpTest -->
        <test-method status="FAIL" signature="verifyContactUsInLinkTest()[pri:0, instance:com.qa.shopping.tests.LandingPageTests@146ba0ac]" name="verifyContactUsInLinkTest" duration-ms="20699" started-at="2019-11-20T15:17:48Z" finished-at="2019-11-20T15:18:09Z">
          <exception class="org.openqa.selenium.TimeoutException">
            <message>
              <![CDATA[Expected condition failed: waiting for title to contain "My Store". Current title: "" (tried for 20 second(s) with 500 milliseconds interval)
Build info: version: '3.141.59', revision: 'e82be7d358', time: '2018-11-14T08:17:03'
System info: host: 'Sandeeps-MacBook-Air.local', ip: '192.168.0.2', os.name: 'Mac OS X', os.arch: 'x86_64', os.version: '10.13.6', java.version: '1.8.0_221'
Driver info: org.openqa.selenium.firefox.FirefoxDriver
Capabilities {acceptInsecureCerts: true, browserName: firefox, browserVersion: 70.0.1, javascriptEnabled: true, moz:accessibilityChecks: false, moz:buildID: 20191030021342, moz:geckodriverVersion: 0.26.0, moz:headless: false, moz:processID: 40188, moz:profile: /var/folders/fj/116hfs353pn..., moz:shutdownTimeout: 60000, moz:useNonSpecCompliantPointerOrigin: false, moz:webdriverClick: true, pageLoadStrategy: normal, platform: MAC, platformName: MAC, platformVersion: 17.7.0, rotatable: false, setWindowRect: true, strictFileInteractability: false, timeouts: {implicit: 0, pageLoad: 300000, script: 30000}, unhandledPromptBehavior: dismiss and notify}
Session ID: daa18759-7fe6-f346-be7d-266400ee24d2]]>
            </message>
            <full-stacktrace>
              <![CDATA[org.openqa.selenium.TimeoutException: Expected condition failed: waiting for title to contain "My Store". Current title: "" (tried for 20 second(s) with 500 milliseconds interval)
Build info: version: '3.141.59', revision: 'e82be7d358', time: '2018-11-14T08:17:03'
System info: host: 'Sandeeps-MacBook-Air.local', ip: '192.168.0.2', os.name: 'Mac OS X', os.arch: 'x86_64', os.version: '10.13.6', java.version: '1.8.0_221'
Driver info: org.openqa.selenium.firefox.FirefoxDriver
Capabilities {acceptInsecureCerts: true, browserName: firefox, browserVersion: 70.0.1, javascriptEnabled: true, moz:accessibilityChecks: false, moz:buildID: 20191030021342, moz:geckodriverVersion: 0.26.0, moz:headless: false, moz:processID: 40188, moz:profile: /var/folders/fj/116hfs353pn..., moz:shutdownTimeout: 60000, moz:useNonSpecCompliantPointerOrigin: false, moz:webdriverClick: true, pageLoadStrategy: normal, platform: MAC, platformName: MAC, platformVersion: 17.7.0, rotatable: false, setWindowRect: true, strictFileInteractability: false, timeouts: {implicit: 0, pageLoad: 300000, script: 30000}, unhandledPromptBehavior: dismiss and notify}
Session ID: daa18759-7fe6-f346-be7d-266400ee24d2
at org.openqa.selenium.support.ui.WebDriverWait.timeoutException(WebDriverWait.java:95)
at org.openqa.selenium.support.ui.FluentWait.until(FluentWait.java:272)
at com.qa.shopping.utilities.ElementUtilities.waitForTitlePresent(ElementUtilities.java:76)
at com.qa.shopping.pages.LandingPage.<init>(LandingPage.java:20)
at com.qa.shopping.tests.LandingPageTests.verifyContactUsInLinkTest(LandingPageTests.java:23)
at sun.reflect.NativeMethodAccessorImpl.invoke0(Native Method)
at sun.reflect.NativeMethodAccessorImpl.invoke(NativeMethodAccessorImpl.java:62)
at sun.reflect.DelegatingMethodAccessorImpl.invoke(DelegatingMethodAccessorImpl.java:43)
at java.lang.reflect.Method.invoke(Method.java:498)
at org.testng.internal.MethodInvocationHelper.invokeMethod(MethodInvocationHelper.java:124)
at org.testng.internal.Invoker.invokeMethod(Invoker.java:583)
at org.testng.internal.Invoker.invokeTestMethod(Invoker.java:719)
at org.testng.internal.Invoker.invokeTestMethods(Invoker.java:989)
at org.testng.internal.TestMethodWorker.invokeTestMethods(TestMethodWorker.java:125)
at org.testng.internal.TestMethodWorker.run(TestMethodWorker.java:109)
at java.util.concurrent.ThreadPoolExecutor.runWorker(ThreadPoolExecutor.java:1149)
at java.util.concurrent.ThreadPoolExecutor$Worker.run(ThreadPoolExecutor.java:624)
at java.lang.Thread.run(Thread.java:748)
]]>
            </full-stacktrace>
          </exception> <!-- org.openqa.selenium.TimeoutException -->
          <reporter-output>
          </reporter-output>
        </test-method> <!-- verifyContactUsInLinkTest -->
        <test-method status="PASS" signature="tearDownTest()[pri:0, instance:com.qa.shopping.tests.LandingPageTests@146ba0ac]" name="tearDownTest" is-config="true" duration-ms="1786" started-at="2019-11-20T15:18:09Z" finished-at="2019-11-20T15:18:11Z">
          <reporter-output>
          </reporter-output>
        </test-method> <!-- tearDownTest -->
        <test-method status="PASS" signature="setUpTest(java.lang.String)[pri:0, instance:com.qa.shopping.tests.LandingPageTests@146ba0ac]" name="setUpTest" is-config="true" duration-ms="18860" started-at="2019-11-20T15:18:11Z" finished-at="2019-11-20T15:18:30Z">
          <params>
            <param index="0">
              <value>
                <![CDATA[chrome]]>
              </value>
            </param>
          </params>
          <reporter-output>
          </reporter-output>
        </test-method> <!-- setUpTest -->
        <test-method status="PASS" signature="verifySignInLinkTest()[pri:0, instance:com.qa.shopping.tests.LandingPageTests@146ba0ac]" name="verifySignInLinkTest" duration-ms="77" started-at="2019-11-20T15:18:30Z" finished-at="2019-11-20T15:18:30Z">
          <reporter-output>
          </reporter-output>
        </test-method> <!-- verifySignInLinkTest -->
        <test-method status="PASS" signature="tearDownTest()[pri:0, instance:com.qa.shopping.tests.LandingPageTests@146ba0ac]" name="tearDownTest" is-config="true" duration-ms="135" started-at="2019-11-20T15:18:30Z" finished-at="2019-11-20T15:18:30Z">
          <reporter-output>
          </reporter-output>
        </test-method> <!-- tearDownTest -->
      </class> <!-- com.qa.shopping.tests.LandingPageTests -->
    </test> <!-- First Test -->
  </suite> <!-- Parallel Execution -->
</testng-results>
