<?xml version="1.0" encoding="UTF-8"?>
<!-- Generated by org.testng.reporters.JUnitXMLReporter -->
<testsuite hostname="Sandeeps-MacBook-Air.local" ignored="0" name="First Test" tests="2" failures="0" timestamp="21 Nov 2019 02:50:59 GMT" time="39.377" errors="0">
  <testcase name="verifyContactUsInLinkTest" time="0.213" classname="com.qa.shopping.tests.LandingPageTests"/>
  <testcase name="verifySignInLinkTest" time="0.125" classname="com.qa.shopping.tests.LandingPageTests"/>
</testsuite> <!-- First Test -->
