<?xml version="1.0" encoding="UTF-8"?>
<!-- Generated by org.testng.reporters.JUnitXMLReporter -->
<testsuite hostname="Sandeeps-MacBook-Air.local" ignored="0" name="Second Test" tests="2" failures="0" timestamp="20 Nov 2019 15:17:56 GMT" time="36.669" errors="0">
  <testcase name="verifyUserSignInPageTest" time="4.328" classname="com.qa.shopping.tests.SignInPageTests"/>
  <testcase name="verifyForgotPasswordLinkTest" time="4.684" classname="com.qa.shopping.tests.SignInPageTests"/>
</testsuite> <!-- Second Test -->
